<?xml version="1.0" encoding="UTF-8"?>
<!-- Generated by org.testng.reporters.JUnitReportReporter -->
<testsuite skipped="0" hostname="LAPTOP-RRMTBEBK" name="Automation.ErrorValidationsTest" tests="2" failures="0" timestamp="26 ene 2023 20:38:20 GMT" time="29.836" errors="0">
  <testcase name="errorvalidations" time="10.236" classname="Automation.ErrorValidationsTest"/>
  <testcase name="productErrorValidation" time="19.600" classname="Automation.ErrorValidationsTest"/>
</testsuite> <!-- Automation.ErrorValidationsTest -->
