<?xml version="1.0" encoding="UTF-8"?>
<!-- Generated by org.testng.reporters.JUnitReportReporter -->
<testsuite skipped="0" hostname="LAPTOP-RRMTBEBK" name="Automation.SubmitOrderTest" tests="3" failures="0" timestamp="26 ene 2023 20:38:20 GMT" time="52.212" errors="0">
  <testcase name="submitOrder" time="25.011" classname="Automation.SubmitOrderTest"/>
  <testcase name="submitOrder" time="20.902" classname="Automation.SubmitOrderTest"/>
  <testcase name="OrderHistoryTest" time="6.299" classname="Automation.SubmitOrderTest"/>
</testsuite> <!-- Automation.SubmitOrderTest -->
