<?xml version="1.0" encoding="UTF-8"?>
<!-- Generated by org.testng.reporters.JUnitReportReporter -->
<testsuite skipped="0" hostname="LAPTOP-RRMTBEBK" name="cucumber.testNGTestRunner" tests="2" failures="0" timestamp="20 ene 2023 10:44:21 GMT" time="47.844" errors="0">
  <testcase name="runScenario" time="25.716" classname="cucumber.testNGTestRunner"/>
  <testcase name="runScenario" time="22.128" classname="cucumber.testNGTestRunner"/>
</testsuite> <!-- cucumber.testNGTestRunner -->
