<?xml version="1.0" encoding="UTF-8"?>
<!-- Generated by org.testng.reporters.JUnitReportReporter -->
<testsuite hostname="LAPTOP-RRMTBEBK" failures="0" tests="1" name="Automation.ErrorValidations" time="6.798" errors="0" timestamp="01 dic. 2022 11:50:49 GMT" skipped="0">
  <testcase classname="Automation.ErrorValidations" name="errorvalidations" time="6.798"/>
</testsuite> <!-- Automation.ErrorValidations -->
