<?xml version="1.0" encoding="UTF-8"?>
<!-- Generated by org.testng.reporters.JUnitReportReporter -->
<testsuite hostname="LAPTOP-RRMTBEBK" failures="0" tests="1" name="Automation.SubmitOrderTest" time="22.810" errors="0" timestamp="03 feb. 2023 17:22:22 GMT" skipped="0">
  <testcase classname="Automation.SubmitOrderTest" name="submitOrder" time="22.810"/>
</testsuite> <!-- Automation.SubmitOrderTest -->
