<?xml version="1.0" encoding="UTF-8"?>
<!-- Generated by org.testng.reporters.JUnitReportReporter -->
<testsuite hostname="LAPTOP-RRMTBEBK" failures="0" tests="1" name="Automation.SubmitOrder" time="21.200" errors="0" timestamp="01 dic. 2022 11:39:13 GMT" skipped="0">
  <testcase classname="Automation.SubmitOrder" name="submitOrder" time="21.200"/>
</testsuite> <!-- Automation.SubmitOrder -->
