<?xml version="1.0" encoding="UTF-8"?>
<!-- Generated by org.testng.reporters.JUnitReportReporter -->
<testsuite hostname="LAPTOP-RRMTBEBK" failures="0" tests="1" name="Automation.ErrorValidationsTest" time="5.781" errors="0" timestamp="18 ene. 2023 19:18:16 GMT" skipped="0">
  <testcase classname="Automation.ErrorValidationsTest" name="errorvalidations" time="5.781"/>
</testsuite> <!-- Automation.ErrorValidationsTest -->
