<?xml version="1.0" encoding="UTF-8"?>
<!-- Generated by org.testng.reporters.JUnitReportReporter -->
<testsuite hostname="LAPTOP-RRMTBEBK" failures="0" tests="1" name="cucumber.testNGTestRunner" time="20.023" errors="0" timestamp="03 feb. 2023 17:28:30 GMT" skipped="0">
  <testcase classname="cucumber.testNGTestRunner" name="runScenario" time="20.023"/>
</testsuite> <!-- cucumber.testNGTestRunner -->
